                                      1 ;--------------------------------------------------------
                                      2 ; File Created by SDCC : free open source ANSI-C Compiler
                                      3 ; Version 4.2.0 #13081 (Mac OS X ppc)
                                      4 ;--------------------------------------------------------
                                      5 	.module e
                                      6 	.optsdcc -mmcs51 --model-small
                                      7 	
                                      8 ;--------------------------------------------------------
                                      9 ; Public variables in this module
                                     10 ;--------------------------------------------------------
                                     11 	.globl _Nixie_PARM_2
                                     12 	.globl _main
                                     13 	.globl _Nixie
                                     14 	.globl _TF2
                                     15 	.globl _EXF2
                                     16 	.globl _RCLK
                                     17 	.globl _TCLK
                                     18 	.globl _EXEN2
                                     19 	.globl _TR2
                                     20 	.globl _C_T2
                                     21 	.globl _CP_RL2
                                     22 	.globl _T2CON_7
                                     23 	.globl _T2CON_6
                                     24 	.globl _T2CON_5
                                     25 	.globl _T2CON_4
                                     26 	.globl _T2CON_3
                                     27 	.globl _T2CON_2
                                     28 	.globl _T2CON_1
                                     29 	.globl _T2CON_0
                                     30 	.globl _PT2
                                     31 	.globl _ET2
                                     32 	.globl _CY
                                     33 	.globl _AC
                                     34 	.globl _F0
                                     35 	.globl _RS1
                                     36 	.globl _RS0
                                     37 	.globl _OV
                                     38 	.globl _F1
                                     39 	.globl _P
                                     40 	.globl _PS
                                     41 	.globl _PT1
                                     42 	.globl _PX1
                                     43 	.globl _PT0
                                     44 	.globl _PX0
                                     45 	.globl _RD
                                     46 	.globl _WR
                                     47 	.globl _T1
                                     48 	.globl _T0
                                     49 	.globl _INT1
                                     50 	.globl _INT0
                                     51 	.globl _TXD
                                     52 	.globl _RXD
                                     53 	.globl _P3_7
                                     54 	.globl _P3_6
                                     55 	.globl _P3_5
                                     56 	.globl _P3_4
                                     57 	.globl _P3_3
                                     58 	.globl _P3_2
                                     59 	.globl _P3_1
                                     60 	.globl _P3_0
                                     61 	.globl _EA
                                     62 	.globl _ES
                                     63 	.globl _ET1
                                     64 	.globl _EX1
                                     65 	.globl _ET0
                                     66 	.globl _EX0
                                     67 	.globl _P2_7
                                     68 	.globl _P2_6
                                     69 	.globl _P2_5
                                     70 	.globl _P2_4
                                     71 	.globl _P2_3
                                     72 	.globl _P2_2
                                     73 	.globl _P2_1
                                     74 	.globl _P2_0
                                     75 	.globl _SM0
                                     76 	.globl _SM1
                                     77 	.globl _SM2
                                     78 	.globl _REN
                                     79 	.globl _TB8
                                     80 	.globl _RB8
                                     81 	.globl _TI
                                     82 	.globl _RI
                                     83 	.globl _P1_7
                                     84 	.globl _P1_6
                                     85 	.globl _P1_5
                                     86 	.globl _P1_4
                                     87 	.globl _P1_3
                                     88 	.globl _P1_2
                                     89 	.globl _P1_1
                                     90 	.globl _P1_0
                                     91 	.globl _TF1
                                     92 	.globl _TR1
                                     93 	.globl _TF0
                                     94 	.globl _TR0
                                     95 	.globl _IE1
                                     96 	.globl _IT1
                                     97 	.globl _IE0
                                     98 	.globl _IT0
                                     99 	.globl _P0_7
                                    100 	.globl _P0_6
                                    101 	.globl _P0_5
                                    102 	.globl _P0_4
                                    103 	.globl _P0_3
                                    104 	.globl _P0_2
                                    105 	.globl _P0_1
                                    106 	.globl _P0_0
                                    107 	.globl _TH2
                                    108 	.globl _TL2
                                    109 	.globl _RCAP2H
                                    110 	.globl _RCAP2L
                                    111 	.globl _T2CON
                                    112 	.globl _B
                                    113 	.globl _ACC
                                    114 	.globl _PSW
                                    115 	.globl _IP
                                    116 	.globl _P3
                                    117 	.globl _IE
                                    118 	.globl _P2
                                    119 	.globl _SBUF
                                    120 	.globl _SCON
                                    121 	.globl _P1
                                    122 	.globl _TH1
                                    123 	.globl _TH0
                                    124 	.globl _TL1
                                    125 	.globl _TL0
                                    126 	.globl _TMOD
                                    127 	.globl _TCON
                                    128 	.globl _PCON
                                    129 	.globl _DPH
                                    130 	.globl _DPL
                                    131 	.globl _SP
                                    132 	.globl _P0
                                    133 	.globl _NixieTable
                                    134 ;--------------------------------------------------------
                                    135 ; special function registers
                                    136 ;--------------------------------------------------------
                                    137 	.area RSEG    (ABS,DATA)
      000000                        138 	.org 0x0000
                           000080   139 _P0	=	0x0080
                           000081   140 _SP	=	0x0081
                           000082   141 _DPL	=	0x0082
                           000083   142 _DPH	=	0x0083
                           000087   143 _PCON	=	0x0087
                           000088   144 _TCON	=	0x0088
                           000089   145 _TMOD	=	0x0089
                           00008A   146 _TL0	=	0x008a
                           00008B   147 _TL1	=	0x008b
                           00008C   148 _TH0	=	0x008c
                           00008D   149 _TH1	=	0x008d
                           000090   150 _P1	=	0x0090
                           000098   151 _SCON	=	0x0098
                           000099   152 _SBUF	=	0x0099
                           0000A0   153 _P2	=	0x00a0
                           0000A8   154 _IE	=	0x00a8
                           0000B0   155 _P3	=	0x00b0
                           0000B8   156 _IP	=	0x00b8
                           0000D0   157 _PSW	=	0x00d0
                           0000E0   158 _ACC	=	0x00e0
                           0000F0   159 _B	=	0x00f0
                           0000C8   160 _T2CON	=	0x00c8
                           0000CA   161 _RCAP2L	=	0x00ca
                           0000CB   162 _RCAP2H	=	0x00cb
                           0000CC   163 _TL2	=	0x00cc
                           0000CD   164 _TH2	=	0x00cd
                                    165 ;--------------------------------------------------------
                                    166 ; special function bits
                                    167 ;--------------------------------------------------------
                                    168 	.area RSEG    (ABS,DATA)
      000000                        169 	.org 0x0000
                           000080   170 _P0_0	=	0x0080
                           000081   171 _P0_1	=	0x0081
                           000082   172 _P0_2	=	0x0082
                           000083   173 _P0_3	=	0x0083
                           000084   174 _P0_4	=	0x0084
                           000085   175 _P0_5	=	0x0085
                           000086   176 _P0_6	=	0x0086
                           000087   177 _P0_7	=	0x0087
                           000088   178 _IT0	=	0x0088
                           000089   179 _IE0	=	0x0089
                           00008A   180 _IT1	=	0x008a
                           00008B   181 _IE1	=	0x008b
                           00008C   182 _TR0	=	0x008c
                           00008D   183 _TF0	=	0x008d
                           00008E   184 _TR1	=	0x008e
                           00008F   185 _TF1	=	0x008f
                           000090   186 _P1_0	=	0x0090
                           000091   187 _P1_1	=	0x0091
                           000092   188 _P1_2	=	0x0092
                           000093   189 _P1_3	=	0x0093
                           000094   190 _P1_4	=	0x0094
                           000095   191 _P1_5	=	0x0095
                           000096   192 _P1_6	=	0x0096
                           000097   193 _P1_7	=	0x0097
                           000098   194 _RI	=	0x0098
                           000099   195 _TI	=	0x0099
                           00009A   196 _RB8	=	0x009a
                           00009B   197 _TB8	=	0x009b
                           00009C   198 _REN	=	0x009c
                           00009D   199 _SM2	=	0x009d
                           00009E   200 _SM1	=	0x009e
                           00009F   201 _SM0	=	0x009f
                           0000A0   202 _P2_0	=	0x00a0
                           0000A1   203 _P2_1	=	0x00a1
                           0000A2   204 _P2_2	=	0x00a2
                           0000A3   205 _P2_3	=	0x00a3
                           0000A4   206 _P2_4	=	0x00a4
                           0000A5   207 _P2_5	=	0x00a5
                           0000A6   208 _P2_6	=	0x00a6
                           0000A7   209 _P2_7	=	0x00a7
                           0000A8   210 _EX0	=	0x00a8
                           0000A9   211 _ET0	=	0x00a9
                           0000AA   212 _EX1	=	0x00aa
                           0000AB   213 _ET1	=	0x00ab
                           0000AC   214 _ES	=	0x00ac
                           0000AF   215 _EA	=	0x00af
                           0000B0   216 _P3_0	=	0x00b0
                           0000B1   217 _P3_1	=	0x00b1
                           0000B2   218 _P3_2	=	0x00b2
                           0000B3   219 _P3_3	=	0x00b3
                           0000B4   220 _P3_4	=	0x00b4
                           0000B5   221 _P3_5	=	0x00b5
                           0000B6   222 _P3_6	=	0x00b6
                           0000B7   223 _P3_7	=	0x00b7
                           0000B0   224 _RXD	=	0x00b0
                           0000B1   225 _TXD	=	0x00b1
                           0000B2   226 _INT0	=	0x00b2
                           0000B3   227 _INT1	=	0x00b3
                           0000B4   228 _T0	=	0x00b4
                           0000B5   229 _T1	=	0x00b5
                           0000B6   230 _WR	=	0x00b6
                           0000B7   231 _RD	=	0x00b7
                           0000B8   232 _PX0	=	0x00b8
                           0000B9   233 _PT0	=	0x00b9
                           0000BA   234 _PX1	=	0x00ba
                           0000BB   235 _PT1	=	0x00bb
                           0000BC   236 _PS	=	0x00bc
                           0000D0   237 _P	=	0x00d0
                           0000D1   238 _F1	=	0x00d1
                           0000D2   239 _OV	=	0x00d2
                           0000D3   240 _RS0	=	0x00d3
                           0000D4   241 _RS1	=	0x00d4
                           0000D5   242 _F0	=	0x00d5
                           0000D6   243 _AC	=	0x00d6
                           0000D7   244 _CY	=	0x00d7
                           0000AD   245 _ET2	=	0x00ad
                           0000BD   246 _PT2	=	0x00bd
                           0000C8   247 _T2CON_0	=	0x00c8
                           0000C9   248 _T2CON_1	=	0x00c9
                           0000CA   249 _T2CON_2	=	0x00ca
                           0000CB   250 _T2CON_3	=	0x00cb
                           0000CC   251 _T2CON_4	=	0x00cc
                           0000CD   252 _T2CON_5	=	0x00cd
                           0000CE   253 _T2CON_6	=	0x00ce
                           0000CF   254 _T2CON_7	=	0x00cf
                           0000C8   255 _CP_RL2	=	0x00c8
                           0000C9   256 _C_T2	=	0x00c9
                           0000CA   257 _TR2	=	0x00ca
                           0000CB   258 _EXEN2	=	0x00cb
                           0000CC   259 _TCLK	=	0x00cc
                           0000CD   260 _RCLK	=	0x00cd
                           0000CE   261 _EXF2	=	0x00ce
                           0000CF   262 _TF2	=	0x00cf
                                    263 ;--------------------------------------------------------
                                    264 ; overlayable register banks
                                    265 ;--------------------------------------------------------
                                    266 	.area REG_BANK_0	(REL,OVR,DATA)
      000000                        267 	.ds 8
                                    268 ;--------------------------------------------------------
                                    269 ; internal ram data
                                    270 ;--------------------------------------------------------
                                    271 	.area DSEG    (DATA)
      000000                        272 _NixieTable::
      000000                        273 	.ds 10
                                    274 ;--------------------------------------------------------
                                    275 ; overlayable items in internal ram
                                    276 ;--------------------------------------------------------
                                    277 	.area	OSEG    (OVR,DATA)
      000000                        278 _Nixie_PARM_2:
      000000                        279 	.ds 1
                                    280 ;--------------------------------------------------------
                                    281 ; Stack segment in internal ram
                                    282 ;--------------------------------------------------------
                                    283 	.area	SSEG
      000000                        284 __start__stack:
      000000                        285 	.ds	1
                                    286 
                                    287 ;--------------------------------------------------------
                                    288 ; indirectly addressable internal ram data
                                    289 ;--------------------------------------------------------
                                    290 	.area ISEG    (DATA)
                                    291 ;--------------------------------------------------------
                                    292 ; absolute internal ram data
                                    293 ;--------------------------------------------------------
                                    294 	.area IABS    (ABS,DATA)
                                    295 	.area IABS    (ABS,DATA)
                                    296 ;--------------------------------------------------------
                                    297 ; bit data
                                    298 ;--------------------------------------------------------
                                    299 	.area BSEG    (BIT)
                                    300 ;--------------------------------------------------------
                                    301 ; paged external ram data
                                    302 ;--------------------------------------------------------
                                    303 	.area PSEG    (PAG,XDATA)
                                    304 ;--------------------------------------------------------
                                    305 ; external ram data
                                    306 ;--------------------------------------------------------
                                    307 	.area XSEG    (XDATA)
                                    308 ;--------------------------------------------------------
                                    309 ; absolute external ram data
                                    310 ;--------------------------------------------------------
                                    311 	.area XABS    (ABS,XDATA)
                                    312 ;--------------------------------------------------------
                                    313 ; external initialized ram data
                                    314 ;--------------------------------------------------------
                                    315 	.area XISEG   (XDATA)
                                    316 	.area HOME    (CODE)
                                    317 	.area GSINIT0 (CODE)
                                    318 	.area GSINIT1 (CODE)
                                    319 	.area GSINIT2 (CODE)
                                    320 	.area GSINIT3 (CODE)
                                    321 	.area GSINIT4 (CODE)
                                    322 	.area GSINIT5 (CODE)
                                    323 	.area GSINIT  (CODE)
                                    324 	.area GSFINAL (CODE)
                                    325 	.area CSEG    (CODE)
                                    326 ;--------------------------------------------------------
                                    327 ; interrupt vector
                                    328 ;--------------------------------------------------------
                                    329 	.area HOME    (CODE)
      000000                        330 __interrupt_vect:
      000000 02r00r00         [24]  331 	ljmp	__sdcc_gsinit_startup
                                    332 ;--------------------------------------------------------
                                    333 ; global & static initialisations
                                    334 ;--------------------------------------------------------
                                    335 	.area HOME    (CODE)
                                    336 	.area GSINIT  (CODE)
                                    337 	.area GSFINAL (CODE)
                                    338 	.area GSINIT  (CODE)
                                    339 	.globl __sdcc_gsinit_startup
                                    340 	.globl __sdcc_program_startup
                                    341 	.globl __start__stack
                                    342 	.globl __mcs51_genXINIT
                                    343 	.globl __mcs51_genXRAMCLEAR
                                    344 	.globl __mcs51_genRAMCLEAR
                                    345 ;	e.c:3: unsigned char NixieTable[] = {0x3F, 0x06, 0x5B, 0x4F, 0x66, 0x6D, 0x7D, 0x07, 0x7F, 0x6F};
      000000 75*00 3F         [24]  346 	mov	_NixieTable,#0x3f
      000003 75*01 06         [24]  347 	mov	(_NixieTable + 0x0001),#0x06
      000006 75*02 5B         [24]  348 	mov	(_NixieTable + 0x0002),#0x5b
      000009 75*03 4F         [24]  349 	mov	(_NixieTable + 0x0003),#0x4f
      00000C 75*04 66         [24]  350 	mov	(_NixieTable + 0x0004),#0x66
      00000F 75*05 6D         [24]  351 	mov	(_NixieTable + 0x0005),#0x6d
      000012 75*06 7D         [24]  352 	mov	(_NixieTable + 0x0006),#0x7d
      000015 75*07 07         [24]  353 	mov	(_NixieTable + 0x0007),#0x07
      000018 75*08 7F         [24]  354 	mov	(_NixieTable + 0x0008),#0x7f
      00001B 75*09 6F         [24]  355 	mov	(_NixieTable + 0x0009),#0x6f
                                    356 	.area GSFINAL (CODE)
      000000 02r00r03         [24]  357 	ljmp	__sdcc_program_startup
                                    358 ;--------------------------------------------------------
                                    359 ; Home
                                    360 ;--------------------------------------------------------
                                    361 	.area HOME    (CODE)
                                    362 	.area HOME    (CODE)
      000003                        363 __sdcc_program_startup:
      000003 02r00r51         [24]  364 	ljmp	_main
                                    365 ;	return from main will return to caller
                                    366 ;--------------------------------------------------------
                                    367 ; code
                                    368 ;--------------------------------------------------------
                                    369 	.area CSEG    (CODE)
                                    370 ;------------------------------------------------------------
                                    371 ;Allocation info for local variables in function 'Nixie'
                                    372 ;------------------------------------------------------------
                                    373 ;Number                    Allocated with name '_Nixie_PARM_2'
                                    374 ;Location                  Allocated to registers r7 
                                    375 ;------------------------------------------------------------
                                    376 ;	e.c:5: void Nixie(unsigned char Location, unsigned char Number) {
                                    377 ;	-----------------------------------------
                                    378 ;	 function Nixie
                                    379 ;	-----------------------------------------
      000000                        380 _Nixie:
                           000007   381 	ar7 = 0x07
                           000006   382 	ar6 = 0x06
                           000005   383 	ar5 = 0x05
                           000004   384 	ar4 = 0x04
                           000003   385 	ar3 = 0x03
                           000002   386 	ar2 = 0x02
                           000001   387 	ar1 = 0x01
                           000000   388 	ar0 = 0x00
                                    389 ;	e.c:6: switch (Location) {
      000000 E5 82            [12]  390 	mov	a,dpl
      000002 FF               [12]  391 	mov	r7,a
      000003 24 F9            [12]  392 	add	a,#0xff - 0x06
      000005 40 42            [24]  393 	jc	00107$
      000007 EF               [12]  394 	mov	a,r7
      000008 2F               [12]  395 	add	a,r7
                                    396 ;	e.c:7: case 1: {P2_4 = 1; P2_3 = 1; P2_2 = 1; break;}
      000009 90r00r0D         [24]  397 	mov	dptr,#00115$
      00000C 73               [24]  398 	jmp	@a+dptr
      00000D                        399 00115$:
      00000D 80 3A            [24]  400 	sjmp	00107$
      00000F 80 0A            [24]  401 	sjmp	00101$
      000011 80 10            [24]  402 	sjmp	00102$
      000013 80 16            [24]  403 	sjmp	00103$
      000015 80 1C            [24]  404 	sjmp	00104$
      000017 80 22            [24]  405 	sjmp	00105$
      000019 80 28            [24]  406 	sjmp	00106$
      00001B                        407 00101$:
                                    408 ;	assignBit
      00001B D2 A4            [12]  409 	setb	_P2_4
                                    410 ;	assignBit
      00001D D2 A3            [12]  411 	setb	_P2_3
                                    412 ;	assignBit
      00001F D2 A2            [12]  413 	setb	_P2_2
                                    414 ;	e.c:8: case 2: {P2_4 = 1; P2_3 = 1; P2_2 = 0; break;}
      000021 80 26            [24]  415 	sjmp	00107$
      000023                        416 00102$:
                                    417 ;	assignBit
      000023 D2 A4            [12]  418 	setb	_P2_4
                                    419 ;	assignBit
      000025 D2 A3            [12]  420 	setb	_P2_3
                                    421 ;	assignBit
      000027 C2 A2            [12]  422 	clr	_P2_2
                                    423 ;	e.c:9: case 3: {P2_4 = 1; P2_3 = 0; P2_2 = 1; break;}
      000029 80 1E            [24]  424 	sjmp	00107$
      00002B                        425 00103$:
                                    426 ;	assignBit
      00002B D2 A4            [12]  427 	setb	_P2_4
                                    428 ;	assignBit
      00002D C2 A3            [12]  429 	clr	_P2_3
                                    430 ;	assignBit
      00002F D2 A2            [12]  431 	setb	_P2_2
                                    432 ;	e.c:10: case 4: {P2_4 = 1; P2_3 = 0; P2_2 = 0; break;}
      000031 80 16            [24]  433 	sjmp	00107$
      000033                        434 00104$:
                                    435 ;	assignBit
      000033 D2 A4            [12]  436 	setb	_P2_4
                                    437 ;	assignBit
      000035 C2 A3            [12]  438 	clr	_P2_3
                                    439 ;	assignBit
      000037 C2 A2            [12]  440 	clr	_P2_2
                                    441 ;	e.c:11: case 5: {P2_4 = 0; P2_3 = 1; P2_2 = 1; break;}
      000039 80 0E            [24]  442 	sjmp	00107$
      00003B                        443 00105$:
                                    444 ;	assignBit
      00003B C2 A4            [12]  445 	clr	_P2_4
                                    446 ;	assignBit
      00003D D2 A3            [12]  447 	setb	_P2_3
                                    448 ;	assignBit
      00003F D2 A2            [12]  449 	setb	_P2_2
                                    450 ;	e.c:12: case 6: {P2_4 = 0; P2_3 = 1; P2_2 = 0; break;}
      000041 80 06            [24]  451 	sjmp	00107$
      000043                        452 00106$:
                                    453 ;	assignBit
      000043 C2 A4            [12]  454 	clr	_P2_4
                                    455 ;	assignBit
      000045 D2 A3            [12]  456 	setb	_P2_3
                                    457 ;	assignBit
      000047 C2 A2            [12]  458 	clr	_P2_2
                                    459 ;	e.c:13: }
      000049                        460 00107$:
                                    461 ;	e.c:14: P0 = NixieTable[Number];
      000049 E5*00            [12]  462 	mov	a,_Nixie_PARM_2
      00004B 24r00            [12]  463 	add	a,#_NixieTable
      00004D F9               [12]  464 	mov	r1,a
      00004E 87 80            [24]  465 	mov	_P0,@r1
                                    466 ;	e.c:16: }
      000050 22               [24]  467 	ret
                                    468 ;------------------------------------------------------------
                                    469 ;Allocation info for local variables in function 'main'
                                    470 ;------------------------------------------------------------
                                    471 ;	e.c:18: void main() {
                                    472 ;	-----------------------------------------
                                    473 ;	 function main
                                    474 ;	-----------------------------------------
      000051                        475 _main:
                                    476 ;	e.c:19: while(1) {
      000051                        477 00102$:
                                    478 ;	e.c:20: Nixie(2, 1);
      000051 75*00 01         [24]  479 	mov	_Nixie_PARM_2,#0x01
      000054 75 82 02         [24]  480 	mov	dpl,#0x02
      000057 12r00r00         [24]  481 	lcall	_Nixie
                                    482 ;	e.c:24: }
      00005A 80 F5            [24]  483 	sjmp	00102$
                                    484 	.area CSEG    (CODE)
                                    485 	.area CONST   (CODE)
                                    486 	.area XINIT   (CODE)
                                    487 	.area CABS    (ABS,CODE)
