C51 COMPILER V6.12  LSD                                                                    12/25/2008 14:32:16 PAGE 1   


C51 COMPILER V6.12, COMPILATION OF MODULE LSD
OBJECT MODULE PLACED IN .\lsd.OBJ
COMPILER INVOKED BY: C:\Keil\C51\BIN\C51.EXE .\lsd.c DEBUG OBJECTEXTEND

stmt level    source

   1          #include <AT89X51.H> 
   2          
   3          
   4          unsigned char code table[]={0xfe,0xfd,0xfb,0xf7, 
   5          
   6          
   7                                      0xef,0xdf,0xbf,0x7f, 
   8          
   9          
  10                                      0xfe,0xfd,0xfb,0xf7, 
  11          
  12          
  13                                      0xef,0xdf,0xbf,0x7f, 
  14          
  15          
  16                                      0x7f,0xbf,0xdf,0xef, 
  17          
  18          
  19                                      0xf7,0xfb,0xfd,0xfe, 
  20          
  21          
  22                                      0x7f,0xbf,0xdf,0xef, 
  23          
  24          
  25                                      0xf7,0xfb,0xfd,0xfe, 
  26          
  27          
  28                                      0x00,0xff,0x00,0xff, 
  29          
  30          
  31                                      0x01}; 
  32          
  33          
  34          unsigned char i; 
  35          
  36          
  37            
  38          
  39          
  40          void delay(void) 
  41          
  42          
  43          { 
  44   1      
  45   1      
  46   1        unsigned char m,n,s; 
  47   1      
  48   1      
  49   1        for(m=20;m>0;m--) 
  50   1      
  51   1      
  52   1        for(n=20;n>0;n--) 
  53   1      
  54   1      
  55   1        for(s=248;s>0;s--); 
C51 COMPILER V6.12  LSD                                                                    12/25/2008 14:32:16 PAGE 2   

  56   1      
  57   1      
  58   1      } 
  59          
  60          
  61            
  62          
  63          
  64          void main(void) 
  65          
  66          
  67          { 
  68   1      
  69   1      
  70   1        while(1) 
  71   1      
  72   1      
  73   1          { 
  74   2      
  75   2      
  76   2            if(table[i]!=0x01) 
  77   2      
  78   2      
  79   2              { 
  80   3      
  81   3      
  82   3                P1=table[i]; 
  83   3      
  84   3      
  85   3                i++; 
  86   3      
  87   3      
  88   3                delay(); 
  89   3      
  90   3      
  91   3              } 
  92   2      
  93   2      
  94   2              else 
  95   2      
  96   2      
  97   2                { 
  98   3      
  99   3      
 100   3                  i=0; 
 101   3      
 102   3      
 103   3                } 
 104   2      
 105   2      
 106   2          } 
 107   1      
 108   1      
 109   1      } 
 110          
 111          


MODULE INFORMATION:   STATIC OVERLAYABLE
   CODE SIZE        =     38    ----
   CONSTANT SIZE    =     37    ----
   XDATA SIZE       =   ----    ----
C51 COMPILER V6.12  LSD                                                                    12/25/2008 14:32:16 PAGE 3   

   PDATA SIZE       =   ----    ----
   DATA SIZE        =      1    ----
   IDATA SIZE       =   ----    ----
   BIT SIZE         =   ----    ----
END OF MODULE INFORMATION.


C51 COMPILATION COMPLETE.  0 WARNING(S),  0 ERROR(S)
